failed to create symbolic link '/home/fuga1129/aurora_sim_v2/build/ros2_aruco_interfaces/ament_cmake_python/ros2_aruco_interfaces/ros2_aruco_interfaces' because existing path cannot be removed: Is a directory
gmake[2]: *** [CMakeFiles/ament_cmake_python_symlink_ros2_aruco_interfaces.dir/build.make:70: CMakeFiles/ament_cmake_python_symlink_ros2_aruco_interfaces] エラー 1
gmake[1]: *** [CMakeFiles/Makefile2:421: CMakeFiles/ament_cmake_python_symlink_ros2_aruco_interfaces.dir/all] エラー 2
gmake[1]: *** 未完了のジョブを待っています....
gmake: *** [Makefile:146: all] エラー 2
